<?xml version="1.0" encoding="UTF-8"?>
<!-- Generated by org.testng.reporters.JUnitReportReporter -->
<testsuite hostname="DESKTOP-175K8UN" failures="0" tests="1" name="remoteTestingDockerValidation.StopDocker" time="9.101" errors="0" timestamp="2024-09-08T19:27:59 IST" skipped="0">
  <testcase classname="remoteTestingDockerValidation.StopDocker" name="startDocker" time="9.101"/>
  <system-out/>
</testsuite> <!-- remoteTestingDockerValidation.StopDocker -->
