<?xml version="1.0" encoding="UTF-8"?>
<!-- Generated by org.testng.reporters.JUnitReportReporter -->
<testsuite hostname="DESKTOP-175K8UN" failures="0" tests="1" name="remoteTestingDockerValidation.ChromeTest3" time="64.107" errors="0" timestamp="2024-09-09T18:45:24 IST" skipped="0">
  <testcase classname="remoteTestingDockerValidation.ChromeTest3" name="Chrome3" time="64.107"/>
  <system-out/>
</testsuite> <!-- remoteTestingDockerValidation.ChromeTest3 -->
