<?xml version="1.0" encoding="UTF-8"?>
<!-- Generated by org.testng.reporters.JUnitReportReporter -->
<testsuite hostname="DESKTOP-175K8UN" failures="0" tests="1" name="remoteTestingDockerValidation.StartDocker" time="30.931" errors="0" timestamp="2024-09-08T19:27:34 IST" skipped="0">
  <testcase classname="remoteTestingDockerValidation.StartDocker" name="startDocker" time="30.931"/>
  <system-out/>
</testsuite> <!-- remoteTestingDockerValidation.StartDocker -->
