<?xml version="1.0" encoding="UTF-8"?>
<!-- Generated by org.testng.reporters.JUnitReportReporter -->
<testsuite hostname="DESKTOP-175K8UN" failures="0" tests="1" name="remoteTestingDockerValidation.ChromeTest1" time="68.192" errors="0" timestamp="09 Sep 2024 15:57:49 GMT" skipped="0">
  <testcase classname="remoteTestingDockerValidation.ChromeTest1" name="Chrome1" time="68.192"/>
</testsuite> <!-- remoteTestingDockerValidation.ChromeTest1 -->
